<?xml version="1.0" encoding="UTF-8"?>
<!-- Generated by org.testng.reporters.JUnitReportReporter -->
<testsuite hostname="DESKTOP-KEAJKMN" failures="0" tests="4" name="com.comcast.crm.orgtest.CreateOrganizationTest" time="21.902" errors="0" timestamp="2026-02-26T18:34:04 IST" skipped="0">
  <testcase classname="com.comcast.crm.orgtest.CreateOrganizationTest" name="createOrganizationWithPhoneNumberTest" time="5.275"/>
  <testcase classname="com.comcast.crm.orgtest.CreateOrganizationTest" name="createOrganizationTest" time="5.412"/>
  <testcase classname="com.comcast.crm.orgtest.CreateOrganizationTest" name="DeleteOrgTest" time="6.096"/>
  <testcase classname="com.comcast.crm.orgtest.CreateOrganizationTest" name="createOrganizationWithindustriesTest" time="5.119"/>
</testsuite> <!-- com.comcast.crm.orgtest.CreateOrganizationTest -->
