<?xml version="1.0" encoding="UTF-8"?>
<testng-results ignored="2" total="4" passed="2" failed="0" skipped="0">
  <reporter-output>
  </reporter-output>
  <suite started-at="2026-02-27T19:56:20 IST" name="Suite" finished-at="2026-02-27T19:56:20 IST" duration-ms="50">
    <groups>
      <group name="ST">
        <method signature="LoginTest.LoginWithBrowser()[pri:0, instance:LoginModuleTest.LoginTest@2b71e916]" name="LoginWithBrowser" class="LoginModuleTest.LoginTest"/>
        <method signature="LogoutTest.LogoutWithBrowser()[pri:0, instance:LogoutModuleTest.LogoutTest@618b19ad]" name="LogoutWithBrowser" class="LogoutModuleTest.LogoutTest"/>
      </group> <!-- ST -->
    </groups>
    <test started-at="2026-02-27T19:56:20 IST" name="Test" finished-at="2026-02-27T19:56:20 IST" duration-ms="50">
      <class name="LoginModuleTest.LoginTest">
        <test-method signature="LoginWithBrowser()[pri:0, instance:LoginModuleTest.LoginTest@2b71e916]" started-at="2026-02-27T19:56:20 IST" name="LoginWithBrowser" finished-at="2026-02-27T19:56:20 IST" duration-ms="1" status="PASS">
          <reporter-output>
          </reporter-output>
        </test-method> <!-- LoginWithBrowser -->
      </class> <!-- LoginModuleTest.LoginTest -->
      <class name="LogoutModuleTest.LogoutTest">
        <test-method signature="LogoutWithBrowser()[pri:0, instance:LogoutModuleTest.LogoutTest@618b19ad]" started-at="2026-02-27T19:56:20 IST" name="LogoutWithBrowser" finished-at="2026-02-27T19:56:20 IST" duration-ms="8" status="PASS">
          <reporter-output>
          </reporter-output>
        </test-method> <!-- LogoutWithBrowser -->
      </class> <!-- LogoutModuleTest.LogoutTest -->
    </test> <!-- Test -->
  </suite> <!-- Suite -->
</testng-results>
