<?xml version="1.0" encoding="UTF-8"?>
<!-- Generated by org.testng.reporters.JUnitXMLReporter -->
<testsuite ignored="2" hostname="DESKTOP-KEAJKMN" failures="0" tests="2" name="Test" time="0.05" errors="0" timestamp="2026-02-27T19:56:20 IST">
  <testcase classname="LogoutModuleTest.LogoutTest" name="LogoutWithBrowser" time="0.008"/>
  <testcase classname="LoginModuleTest.LoginTest" name="LoginWithBrowser" time="0.001"/>
  <testcase classname="LoginModuleTest.LoginTest" name="LoginWithoutBrowser" time="0.0">
    <ignored/>
  </testcase> <!-- LoginWithoutBrowser -->
  <testcase classname="LogoutModuleTest.LogoutTest" name="LogoutWithoutBrowser" time="0.0">
    <ignored/>
  </testcase> <!-- LogoutWithoutBrowser -->
</testsuite> <!-- Test -->
