<?xml version="1.0" encoding="UTF-8"?>
<!-- Generated by org.testng.reporters.JUnitXMLReporter -->
<testsuite ignored="0" hostname="DESKTOP-KEAJKMN" failures="0" tests="4" name="Default test" time="23.923" errors="0" timestamp="2026-02-26T18:34:04 IST">
  <testcase classname="com.comcast.crm.orgtest.CreateOrganizationTest" name="DeleteOrgTest" time="5.114"/>
  <testcase classname="com.comcast.crm.orgtest.CreateOrganizationTest" name="createOrganizationTest" time="3.566"/>
  <testcase classname="com.comcast.crm.orgtest.CreateOrganizationTest" name="createOrganizationWithPhoneNumberTest" time="3.576"/>
  <testcase classname="com.comcast.crm.orgtest.CreateOrganizationTest" name="createOrganizationWithindustriesTest" time="2.971"/>
</testsuite> <!-- Default test -->
